<?xml version="1.0" encoding="UTF-8"?>
<!-- Generated by org.testng.reporters.JUnitXMLReporter -->
<testsuite ignored="5" hostname="DESKTOP-VIKRANTH" failures="0" tests="4" name="Basic Flowss" time="0.07" errors="0" timestamp="2022-07-27T19:18:39 IST">
  <testcase classname="testnextG_2.Practice_2" name="Tc2" time="0.008"/>
  <testcase classname="testnextG_2.Practice_2" name="Tc4" time="0.002"/>
  <testcase classname="testnextG_2.Practice_21" name="Tc6" time="0.001"/>
  <testcase classname="testnextG_2.Practice_21" name="Tc8" time="0.001"/>
  <testcase classname="testnextG_2.Practice_2" name="Tc1" time="0.0">
    <ignored/>
  </testcase> <!-- Tc1 -->
  <testcase classname="testnextG_2.Practice_21" name="Tc7" time="0.0">
    <ignored/>
  </testcase> <!-- Tc7 -->
  <testcase classname="testnextG_2.Practice_2" name="Tc5" time="0.0">
    <ignored/>
  </testcase> <!-- Tc5 -->
  <testcase classname="testnextG_2.Practice_2" name="Tc3" time="0.0">
    <ignored/>
  </testcase> <!-- Tc3 -->
  <testcase classname="testnextG_2.Practice_21" name="Tc9" time="0.0">
    <ignored/>
  </testcase> <!-- Tc9 -->
</testsuite> <!-- Basic Flowss -->
