<?xml version="1.0" encoding="UTF-8"?>
<!-- Generated by org.testng.reporters.JUnitXMLReporter -->
<testsuite ignored="0" hostname="DESKTOP-VIKRANTH" failures="0" tests="9" name="Basic Flows2" time="0.188" errors="0" timestamp="2021-12-21T11:56:04 IST">
  <testcase classname="basics.TestNG" name="createemployee" time="0.004"/>
  <testcase classname="basics.TestNG" name="createcompany" time="0.048"/>
  <testcase classname="basics.TestNG" name="createcompany" time="0.013"/>
  <testcase classname="basics.TestNG" name="deletemultiplecompanies" time="0.006"/>
  <testcase classname="basics.TestNG" name="deletecompany" time="0.003"/>
  <testcase classname="basics2.CreateContacts" name="addContact" time="0.002"/>
  <testcase classname="basics2.CreateContacts" name="checkContact" time="0.004"/>
  <testcase classname="basics2.CreateContacts" name="createContact" time="0.003"/>
  <testcase classname="basics2.CreateContacts" name="deleteContact" time="0.002"/>
</testsuite> <!-- Basic Flows2 -->
