<?xml version="1.0" encoding="UTF-8"?>
<!-- Generated by org.testng.reporters.JUnitXMLReporter -->
<testsuite ignored="8" hostname="DESKTOP-VIKRANTH" failures="0" tests="0" time="0.014" errors="0" timestamp="2022-03-26T22:43:39 IST">
  <testcase classname="testnextG_2.Testcasesforanntations" name="tc2" time="0.0">
    <ignored/>
  </testcase> <!-- tc2 -->
  <testcase classname="testnextG_2.Testcasesforanntations" name="tc5" time="0.0">
    <ignored/>
  </testcase> <!-- tc5 -->
  <testcase classname="testnextG_2.Testcasesforanntations" name="tc3" time="0.0">
    <ignored/>
  </testcase> <!-- tc3 -->
  <testcase classname="testnextG_2.Testcasesforanntations" name="tc6" time="0.0">
    <ignored/>
  </testcase> <!-- tc6 -->
  <testcase classname="testnextG_2.Testcasesforanntations" name="tc4" time="0.0">
    <ignored/>
  </testcase> <!-- tc4 -->
  <testcase classname="testnextG_2.Testcasesforanntations" name="tc7" time="0.0">
    <ignored/>
  </testcase> <!-- tc7 -->
  <testcase classname="testnextG_2.Testcasesforanntations" name="tc8" time="0.0">
    <ignored/>
  </testcase> <!-- tc8 -->
  <testcase classname="testnextG_2.Testcasesforanntations" name="tc1" time="0.0">
    <ignored/>
  </testcase> <!-- tc1 -->
</testsuite>
